2019/02/20 10:35:10,834 INFO   main                  com.lyq.VacationApplication.logStarting(StartupInfoLogger.java:50) - Starting VacationApplication on PCOS-1512141625 with PID 8928 (F:\ider-springboot\project\vacation\target\classes started by Administrator in F:\ider-springboot\project\vacation)
2019/02/20 10:35:11,119 DEBUG  main                  com.lyq.VacationApplication.logStarting(StartupInfoLogger.java:53) - Running with Spring Boot v2.1.2.RELEASE, Spring v5.1.4.RELEASE
2019/02/20 10:35:11,122 INFO   main                  com.lyq.VacationApplication.logStartupProfileInfo(SpringApplication.java:675) - No active profile set, falling back to default profiles: default
2019/02/20 10:35:12,388 DEBUG  main                  org.mybatis.spring.mapper.ClassPathMapperScanner.scanCandidateComponents(ClassPathScanningCandidateComponentProvider.java:437) - Identified candidate component class: file [F:\ider-springboot\project\vacation\target\classes\com\lyq\mapper\AnswerMapper.class]
2019/02/20 10:35:12,389 DEBUG  main                  org.mybatis.spring.mapper.ClassPathMapperScanner.scanCandidateComponents(ClassPathScanningCandidateComponentProvider.java:437) - Identified candidate component class: file [F:\ider-springboot\project\vacation\target\classes\com\lyq\mapper\CatalogMapper.class]
2019/02/20 10:35:12,390 DEBUG  main                  org.mybatis.spring.mapper.ClassPathMapperScanner.scanCandidateComponents(ClassPathScanningCandidateComponentProvider.java:437) - Identified candidate component class: file [F:\ider-springboot\project\vacation\target\classes\com\lyq\mapper\CommentMapper.class]
2019/02/20 10:35:12,391 DEBUG  main                  org.mybatis.spring.mapper.ClassPathMapperScanner.scanCandidateComponents(ClassPathScanningCandidateComponentProvider.java:437) - Identified candidate component class: file [F:\ider-springboot\project\vacation\target\classes\com\lyq\mapper\CourserMapper.class]
2019/02/20 10:35:12,393 DEBUG  main                  org.mybatis.spring.mapper.ClassPathMapperScanner.scanCandidateComponents(ClassPathScanningCandidateComponentProvider.java:437) - Identified candidate component class: file [F:\ider-springboot\project\vacation\target\classes\com\lyq\mapper\MoldMapper.class]
2019/02/20 10:35:12,394 DEBUG  main                  org.mybatis.spring.mapper.ClassPathMapperScanner.scanCandidateComponents(ClassPathScanningCandidateComponentProvider.java:437) - Identified candidate component class: file [F:\ider-springboot\project\vacation\target\classes\com\lyq\mapper\ProblemMapper.class]
2019/02/20 10:35:12,395 DEBUG  main                  org.mybatis.spring.mapper.ClassPathMapperScanner.scanCandidateComponents(ClassPathScanningCandidateComponentProvider.java:437) - Identified candidate component class: file [F:\ider-springboot\project\vacation\target\classes\com\lyq\mapper\SitesUserMapper.class]
2019/02/20 10:35:12,395 DEBUG  main                  org.mybatis.spring.mapper.ClassPathMapperScanner.scanCandidateComponents(ClassPathScanningCandidateComponentProvider.java:437) - Identified candidate component class: file [F:\ider-springboot\project\vacation\target\classes\com\lyq\mapper\StaffMapper.class]
2019/02/20 10:35:12,396 DEBUG  main                  org.mybatis.spring.mapper.ClassPathMapperScanner.scanCandidateComponents(ClassPathScanningCandidateComponentProvider.java:437) - Identified candidate component class: file [F:\ider-springboot\project\vacation\target\classes\com\lyq\mapper\StaffRoleMapper.class]
2019/02/20 10:35:12,397 DEBUG  main                  org.mybatis.spring.mapper.ClassPathMapperScanner.scanCandidateComponents(ClassPathScanningCandidateComponentProvider.java:437) - Identified candidate component class: file [F:\ider-springboot\project\vacation\target\classes\com\lyq\mapper\TreeMapper.class]
2019/02/20 10:35:12,397 DEBUG  main                  org.mybatis.spring.mapper.ClassPathMapperScanner.scanCandidateComponents(ClassPathScanningCandidateComponentProvider.java:437) - Identified candidate component class: file [F:\ider-springboot\project\vacation\target\classes\com\lyq\mapper\WayMapper.class]
2019/02/20 10:35:12,398 DEBUG  main                  org.mybatis.spring.mapper.ClassPathMapperScanner.processBeanDefinitions(ClassPathMapperScanner.java:180) - Creating MapperFactoryBean with name 'answerMapper' and 'com.lyq.mapper.AnswerMapper' mapperInterface
2019/02/20 10:35:12,399 DEBUG  main                  org.mybatis.spring.mapper.ClassPathMapperScanner.processBeanDefinitions(ClassPathMapperScanner.java:216) - Enabling autowire by type for MapperFactoryBean with name 'answerMapper'.
2019/02/20 10:35:12,400 DEBUG  main                  org.mybatis.spring.mapper.ClassPathMapperScanner.processBeanDefinitions(ClassPathMapperScanner.java:180) - Creating MapperFactoryBean with name 'catalogMapper' and 'com.lyq.mapper.CatalogMapper' mapperInterface
2019/02/20 10:35:12,401 DEBUG  main                  org.mybatis.spring.mapper.ClassPathMapperScanner.processBeanDefinitions(ClassPathMapperScanner.java:216) - Enabling autowire by type for MapperFactoryBean with name 'catalogMapper'.
2019/02/20 10:35:12,402 DEBUG  main                  org.mybatis.spring.mapper.ClassPathMapperScanner.processBeanDefinitions(ClassPathMapperScanner.java:180) - Creating MapperFactoryBean with name 'commentMapper' and 'com.lyq.mapper.CommentMapper' mapperInterface
2019/02/20 10:35:12,402 DEBUG  main                  org.mybatis.spring.mapper.ClassPathMapperScanner.processBeanDefinitions(ClassPathMapperScanner.java:216) - Enabling autowire by type for MapperFactoryBean with name 'commentMapper'.
2019/02/20 10:35:12,403 DEBUG  main                  org.mybatis.spring.mapper.ClassPathMapperScanner.processBeanDefinitions(ClassPathMapperScanner.java:180) - Creating MapperFactoryBean with name 'courserMapper' and 'com.lyq.mapper.CourserMapper' mapperInterface
2019/02/20 10:35:12,403 DEBUG  main                  org.mybatis.spring.mapper.ClassPathMapperScanner.processBeanDefinitions(ClassPathMapperScanner.java:216) - Enabling autowire by type for MapperFactoryBean with name 'courserMapper'.
2019/02/20 10:35:12,403 DEBUG  main                  org.mybatis.spring.mapper.ClassPathMapperScanner.processBeanDefinitions(ClassPathMapperScanner.java:180) - Creating MapperFactoryBean with name 'moldMapper' and 'com.lyq.mapper.MoldMapper' mapperInterface
2019/02/20 10:35:12,404 DEBUG  main                  org.mybatis.spring.mapper.ClassPathMapperScanner.processBeanDefinitions(ClassPathMapperScanner.java:216) - Enabling autowire by type for MapperFactoryBean with name 'moldMapper'.
2019/02/20 10:35:12,404 DEBUG  main                  org.mybatis.spring.mapper.ClassPathMapperScanner.processBeanDefinitions(ClassPathMapperScanner.java:180) - Creating MapperFactoryBean with name 'problemMapper' and 'com.lyq.mapper.ProblemMapper' mapperInterface
2019/02/20 10:35:12,404 DEBUG  main                  org.mybatis.spring.mapper.ClassPathMapperScanner.processBeanDefinitions(ClassPathMapperScanner.java:216) - Enabling autowire by type for MapperFactoryBean with name 'problemMapper'.
2019/02/20 10:35:12,405 DEBUG  main                  org.mybatis.spring.mapper.ClassPathMapperScanner.processBeanDefinitions(ClassPathMapperScanner.java:180) - Creating MapperFactoryBean with name 'sitesUserMapper' and 'com.lyq.mapper.SitesUserMapper' mapperInterface
2019/02/20 10:35:12,405 DEBUG  main                  org.mybatis.spring.mapper.ClassPathMapperScanner.processBeanDefinitions(ClassPathMapperScanner.java:216) - Enabling autowire by type for MapperFactoryBean with name 'sitesUserMapper'.
2019/02/20 10:35:12,406 DEBUG  main                  org.mybatis.spring.mapper.ClassPathMapperScanner.processBeanDefinitions(ClassPathMapperScanner.java:180) - Creating MapperFactoryBean with name 'staffMapper' and 'com.lyq.mapper.StaffMapper' mapperInterface
2019/02/20 10:35:12,406 DEBUG  main                  org.mybatis.spring.mapper.ClassPathMapperScanner.processBeanDefinitions(ClassPathMapperScanner.java:216) - Enabling autowire by type for MapperFactoryBean with name 'staffMapper'.
2019/02/20 10:35:12,406 DEBUG  main                  org.mybatis.spring.mapper.ClassPathMapperScanner.processBeanDefinitions(ClassPathMapperScanner.java:180) - Creating MapperFactoryBean with name 'staffRoleMapper' and 'com.lyq.mapper.StaffRoleMapper' mapperInterface
2019/02/20 10:35:12,407 DEBUG  main                  org.mybatis.spring.mapper.ClassPathMapperScanner.processBeanDefinitions(ClassPathMapperScanner.java:216) - Enabling autowire by type for MapperFactoryBean with name 'staffRoleMapper'.
2019/02/20 10:35:12,407 DEBUG  main                  org.mybatis.spring.mapper.ClassPathMapperScanner.processBeanDefinitions(ClassPathMapperScanner.java:180) - Creating MapperFactoryBean with name 'treeMapper' and 'com.lyq.mapper.TreeMapper' mapperInterface
2019/02/20 10:35:12,408 DEBUG  main                  org.mybatis.spring.mapper.ClassPathMapperScanner.processBeanDefinitions(ClassPathMapperScanner.java:216) - Enabling autowire by type for MapperFactoryBean with name 'treeMapper'.
2019/02/20 10:35:12,408 DEBUG  main                  org.mybatis.spring.mapper.ClassPathMapperScanner.processBeanDefinitions(ClassPathMapperScanner.java:180) - Creating MapperFactoryBean with name 'wayMapper' and 'com.lyq.mapper.WayMapper' mapperInterface
2019/02/20 10:35:12,408 DEBUG  main                  org.mybatis.spring.mapper.ClassPathMapperScanner.processBeanDefinitions(ClassPathMapperScanner.java:216) - Enabling autowire by type for MapperFactoryBean with name 'wayMapper'.
2019/02/20 10:35:12,698 INFO   main                  org.springframework.data.repository.config.RepositoryConfigurationDelegate.registerRepositoriesIn(RepositoryConfigurationDelegate.java:126) - Bootstrapping Spring Data repositories in DEFAULT mode.
2019/02/20 10:35:12,740 INFO   main                  org.springframework.data.repository.config.RepositoryConfigurationDelegate.registerRepositoriesIn(RepositoryConfigurationDelegate.java:182) - Finished Spring Data repository scanning in 34ms. Found 0 repository interfaces.
2019/02/20 10:35:13,147 INFO   main                  org.springframework.context.support.PostProcessorRegistrationDelegate$BeanPostProcessorChecker.postProcessAfterInitialization(PostProcessorRegistrationDelegate.java:330) - Bean 'org.springframework.transaction.annotation.ProxyTransactionManagementConfiguration' of type [org.springframework.transaction.annotation.ProxyTransactionManagementConfiguration$$EnhancerBySpringCGLIB$$5a9885fe] is not eligible for getting processed by all BeanPostProcessors (for example: not eligible for auto-proxying)
2019/02/20 10:35:13,548 INFO   main                  org.springframework.boot.web.embedded.tomcat.TomcatWebServer.initialize(TomcatWebServer.java:90) - Tomcat initialized with port(s): 8081 (http)
2019/02/20 10:35:13,570 INFO   main                  org.apache.coyote.http11.Http11NioProtocol.log(DirectJDKLog.java:173) - Initializing ProtocolHandler ["http-nio-8081"]
2019/02/20 10:35:13,581 INFO   main                  org.apache.catalina.core.StandardService.log(DirectJDKLog.java:173) - Starting service [Tomcat]
2019/02/20 10:35:13,582 INFO   main                  org.apache.catalina.core.StandardEngine.log(DirectJDKLog.java:173) - Starting Servlet engine: [Apache Tomcat/9.0.14]
2019/02/20 10:35:13,590 INFO   main                  org.apache.catalina.core.AprLifecycleListener.log(DirectJDKLog.java:173) - The APR based Apache Tomcat Native library which allows optimal performance in production environments was not found on the java.library.path: [C:\Program Files\Java\jdk1.8.0_171\bin;C:\Windows\Sun\Java\bin;C:\Windows\system32;C:\Windows;C:\Program Files (x86)\Common Files\NetSarang;E:\app\product\11.2.0\dbhome_1\bin;C:\Program Files (x86)\Common Files\Oracle\Java\javapath;C:\Windows\system32;C:\Windows;C:\Windows\System32\Wbem;C:\Windows\System32\WindowsPowerShell\v1.0\;C:\Program Files\Java\jdk1.8.0_171\bin;C:\Program Files\MySQL\MySQL Utilities 1.6\;E:\maven\apache-maven-3.5.3\bin;D:\svn\VisualSVN Server\bin;E:\MongoDB\Server\3.4\bin;E:\Git\cmd;.]
2019/02/20 10:35:13,928 INFO   main                  org.apache.jasper.servlet.TldScanner.log(DirectJDKLog.java:173) - At least one JAR was scanned for TLDs yet contained no TLDs. Enable debug logging for this logger for a complete list of JARs that were scanned but no TLDs were found in them. Skipping unneeded JARs during scanning can improve startup time and JSP compilation time.
2019/02/20 10:35:13,940 INFO   main                  org.apache.catalina.core.ContainerBase.[Tomcat].[localhost].[/lyq].log(DirectJDKLog.java:173) - Initializing Spring embedded WebApplicationContext
2019/02/20 10:35:13,941 INFO   main                  org.springframework.web.context.ContextLoader.prepareWebApplicationContext(ServletWebServerApplicationContext.java:296) - Root WebApplicationContext: initialization completed in 2754 ms
2019/02/20 10:35:14,039 DEBUG  main                  com.zaxxer.hikari.HikariConfig.setDriverClassName(HikariConfig.java:480) - Driver class com.mysql.jdbc.Driver found in Thread context class loader sun.misc.Launcher$AppClassLoader@18b4aac2
2019/02/20 10:35:14,323 INFO   main                  org.hibernate.jpa.internal.util.LogHelper.logPersistenceUnitInformation(LogHelper.java:31) - HHH000204: Processing PersistenceUnitInfo [
	name: default
	...]
2019/02/20 10:35:14,398 INFO   main                  org.hibernate.Version.logVersion(Version.java:46) - HHH000412: Hibernate Core {5.3.7.Final}
2019/02/20 10:35:14,400 INFO   main                  org.hibernate.cfg.Environment.<clinit>(Environment.java:213) - HHH000206: hibernate.properties not found
2019/02/20 10:35:14,561 INFO   main                  org.hibernate.annotations.common.Version.<clinit>(JavaReflectionManager.java:49) - HCANN000001: Hibernate Commons Annotations {5.0.4.Final}
2019/02/20 10:35:14,722 DEBUG  main                  com.zaxxer.hikari.HikariConfig.logConfiguration(HikariConfig.java:1020) - HikariPool-1 - configuration:
2019/02/20 10:35:14,724 DEBUG  main                  com.zaxxer.hikari.HikariConfig.logConfiguration(HikariConfig.java:1052) - allowPoolSuspension.............false
2019/02/20 10:35:14,725 DEBUG  main                  com.zaxxer.hikari.HikariConfig.logConfiguration(HikariConfig.java:1052) - autoCommit......................true
2019/02/20 10:35:14,725 DEBUG  main                  com.zaxxer.hikari.HikariConfig.logConfiguration(HikariConfig.java:1052) - catalog.........................none
2019/02/20 10:35:14,725 DEBUG  main                  com.zaxxer.hikari.HikariConfig.logConfiguration(HikariConfig.java:1052) - connectionInitSql...............none
2019/02/20 10:35:14,725 DEBUG  main                  com.zaxxer.hikari.HikariConfig.logConfiguration(HikariConfig.java:1052) - connectionTestQuery.............none
2019/02/20 10:35:14,726 DEBUG  main                  com.zaxxer.hikari.HikariConfig.logConfiguration(HikariConfig.java:1052) - connectionTimeout...............30000
2019/02/20 10:35:14,726 DEBUG  main                  com.zaxxer.hikari.HikariConfig.logConfiguration(HikariConfig.java:1052) - dataSource......................none
2019/02/20 10:35:14,726 DEBUG  main                  com.zaxxer.hikari.HikariConfig.logConfiguration(HikariConfig.java:1052) - dataSourceClassName.............none
2019/02/20 10:35:14,727 DEBUG  main                  com.zaxxer.hikari.HikariConfig.logConfiguration(HikariConfig.java:1052) - dataSourceJNDI..................none
2019/02/20 10:35:14,727 DEBUG  main                  com.zaxxer.hikari.HikariConfig.logConfiguration(HikariConfig.java:1052) - dataSourceProperties............{password=<masked>}
2019/02/20 10:35:14,728 DEBUG  main                  com.zaxxer.hikari.HikariConfig.logConfiguration(HikariConfig.java:1052) - driverClassName................."com.mysql.jdbc.Driver"
2019/02/20 10:35:14,728 DEBUG  main                  com.zaxxer.hikari.HikariConfig.logConfiguration(HikariConfig.java:1052) - healthCheckProperties...........{}
2019/02/20 10:35:14,728 DEBUG  main                  com.zaxxer.hikari.HikariConfig.logConfiguration(HikariConfig.java:1052) - healthCheckRegistry.............none
2019/02/20 10:35:14,729 DEBUG  main                  com.zaxxer.hikari.HikariConfig.logConfiguration(HikariConfig.java:1052) - idleTimeout.....................600000
2019/02/20 10:35:14,729 DEBUG  main                  com.zaxxer.hikari.HikariConfig.logConfiguration(HikariConfig.java:1052) - initializationFailTimeout.......1
2019/02/20 10:35:14,729 DEBUG  main                  com.zaxxer.hikari.HikariConfig.logConfiguration(HikariConfig.java:1052) - isolateInternalQueries..........false
2019/02/20 10:35:14,730 DEBUG  main                  com.zaxxer.hikari.HikariConfig.logConfiguration(HikariConfig.java:1052) - jdbcUrl.........................jdbc:mysql://192.168.43.139:3306/vacation?useUnicode=true&characterEncoding=utf-8&serverTimezone=GMT%2B8
2019/02/20 10:35:14,730 DEBUG  main                  com.zaxxer.hikari.HikariConfig.logConfiguration(HikariConfig.java:1052) - leakDetectionThreshold..........0
2019/02/20 10:35:14,730 DEBUG  main                  com.zaxxer.hikari.HikariConfig.logConfiguration(HikariConfig.java:1052) - maxLifetime.....................1800000
2019/02/20 10:35:14,731 DEBUG  main                  com.zaxxer.hikari.HikariConfig.logConfiguration(HikariConfig.java:1052) - maximumPoolSize.................10
2019/02/20 10:35:14,731 DEBUG  main                  com.zaxxer.hikari.HikariConfig.logConfiguration(HikariConfig.java:1052) - metricRegistry..................none
2019/02/20 10:35:14,732 DEBUG  main                  com.zaxxer.hikari.HikariConfig.logConfiguration(HikariConfig.java:1052) - metricsTrackerFactory...........none
2019/02/20 10:35:14,732 DEBUG  main                  com.zaxxer.hikari.HikariConfig.logConfiguration(HikariConfig.java:1052) - minimumIdle.....................10
2019/02/20 10:35:14,732 DEBUG  main                  com.zaxxer.hikari.HikariConfig.logConfiguration(HikariConfig.java:1052) - password........................<masked>
2019/02/20 10:35:14,732 DEBUG  main                  com.zaxxer.hikari.HikariConfig.logConfiguration(HikariConfig.java:1052) - poolName........................"HikariPool-1"
2019/02/20 10:35:14,733 DEBUG  main                  com.zaxxer.hikari.HikariConfig.logConfiguration(HikariConfig.java:1052) - readOnly........................false
2019/02/20 10:35:14,733 DEBUG  main                  com.zaxxer.hikari.HikariConfig.logConfiguration(HikariConfig.java:1052) - registerMbeans..................false
2019/02/20 10:35:14,734 DEBUG  main                  com.zaxxer.hikari.HikariConfig.logConfiguration(HikariConfig.java:1052) - scheduledExecutor...............none
2019/02/20 10:35:14,734 DEBUG  main                  com.zaxxer.hikari.HikariConfig.logConfiguration(HikariConfig.java:1052) - schema..........................none
2019/02/20 10:35:14,735 DEBUG  main                  com.zaxxer.hikari.HikariConfig.logConfiguration(HikariConfig.java:1052) - threadFactory...................internal
2019/02/20 10:35:14,735 DEBUG  main                  com.zaxxer.hikari.HikariConfig.logConfiguration(HikariConfig.java:1052) - transactionIsolation............default
2019/02/20 10:35:14,735 DEBUG  main                  com.zaxxer.hikari.HikariConfig.logConfiguration(HikariConfig.java:1052) - username........................"lyq"
2019/02/20 10:35:14,735 DEBUG  main                  com.zaxxer.hikari.HikariConfig.logConfiguration(HikariConfig.java:1052) - validationTimeout...............5000
2019/02/20 10:35:14,736 INFO   main                  com.zaxxer.hikari.HikariDataSource.getConnection(HikariDataSource.java:110) - HikariPool-1 - Starting...
2019/02/20 10:35:14,948 DEBUG  main                  com.zaxxer.hikari.pool.HikariPool.checkFailFast(HikariPool.java:545) - HikariPool-1 - Added connection com.mysql.jdbc.JDBC4Connection@fb2e3fd
2019/02/20 10:35:14,951 INFO   main                  com.zaxxer.hikari.HikariDataSource.getConnection(HikariDataSource.java:123) - HikariPool-1 - Start completed.
2019/02/20 10:35:14,963 INFO   main                  org.hibernate.dialect.Dialect.<init>(Dialect.java:157) - HHH000400: Using dialect: org.hibernate.dialect.MySQL5Dialect
2019/02/20 10:35:15,052 DEBUG  HikariPool-1 housekeeper com.zaxxer.hikari.pool.HikariPool.logPoolState(HikariPool.java:411) - HikariPool-1 - Pool stats (total=1, active=0, idle=1, waiting=0)
2019/02/20 10:35:15,060 DEBUG  HikariPool-1 connection adder com.zaxxer.hikari.pool.HikariPool.call(HikariPool.java:709) - HikariPool-1 - Added connection com.mysql.jdbc.JDBC4Connection@3588a507
2019/02/20 10:35:15,067 DEBUG  HikariPool-1 connection adder com.zaxxer.hikari.pool.HikariPool.call(HikariPool.java:709) - HikariPool-1 - Added connection com.mysql.jdbc.JDBC4Connection@55a75a48
2019/02/20 10:35:15,075 DEBUG  HikariPool-1 connection adder com.zaxxer.hikari.pool.HikariPool.call(HikariPool.java:709) - HikariPool-1 - Added connection com.mysql.jdbc.JDBC4Connection@51e9635e
2019/02/20 10:35:15,083 DEBUG  HikariPool-1 connection adder com.zaxxer.hikari.pool.HikariPool.call(HikariPool.java:709) - HikariPool-1 - Added connection com.mysql.jdbc.JDBC4Connection@7a7961a6
2019/02/20 10:35:15,091 DEBUG  HikariPool-1 connection adder com.zaxxer.hikari.pool.HikariPool.call(HikariPool.java:709) - HikariPool-1 - Added connection com.mysql.jdbc.JDBC4Connection@59b936fb
2019/02/20 10:35:15,099 DEBUG  HikariPool-1 connection adder com.zaxxer.hikari.pool.HikariPool.call(HikariPool.java:709) - HikariPool-1 - Added connection com.mysql.jdbc.JDBC4Connection@3b756944
2019/02/20 10:35:15,107 DEBUG  HikariPool-1 connection adder com.zaxxer.hikari.pool.HikariPool.call(HikariPool.java:709) - HikariPool-1 - Added connection com.mysql.jdbc.JDBC4Connection@1ad63102
2019/02/20 10:35:15,113 DEBUG  HikariPool-1 connection adder com.zaxxer.hikari.pool.HikariPool.call(HikariPool.java:709) - HikariPool-1 - Added connection com.mysql.jdbc.JDBC4Connection@59341a30
2019/02/20 10:35:15,120 DEBUG  HikariPool-1 connection adder com.zaxxer.hikari.pool.HikariPool.call(HikariPool.java:709) - HikariPool-1 - Added connection com.mysql.jdbc.JDBC4Connection@62f7c1bb
2019/02/20 10:35:15,121 DEBUG  HikariPool-1 connection adder com.zaxxer.hikari.pool.HikariPool.logPoolState(HikariPool.java:411) - HikariPool-1 - After adding stats (total=10, active=0, idle=10, waiting=0)
2019/02/20 10:35:16,031 INFO   main                  org.springframework.orm.jpa.LocalContainerEntityManagerFactoryBean.buildNativeEntityManagerFactory(AbstractEntityManagerFactoryBean.java:415) - Initialized JPA EntityManagerFactory for persistence unit 'default'
2019/02/20 10:35:16,239 DEBUG  main                  org.mybatis.spring.SqlSessionFactoryBean.buildSqlSessionFactory(SqlSessionFactoryBean.java:497) - Parsed configuration file: 'class path resource [mybatis/config.xml]'
2019/02/20 10:35:16,327 DEBUG  main                  org.mybatis.spring.SqlSessionFactoryBean.buildSqlSessionFactory(SqlSessionFactoryBean.java:529) - Parsed mapper file: 'file [F:\ider-springboot\project\vacation\target\classes\mybatis\mapper\AnswerMapper.xml]'
2019/02/20 10:35:16,390 DEBUG  main                  org.mybatis.spring.SqlSessionFactoryBean.buildSqlSessionFactory(SqlSessionFactoryBean.java:529) - Parsed mapper file: 'file [F:\ider-springboot\project\vacation\target\classes\mybatis\mapper\CatalogMapper.xml]'
2019/02/20 10:35:16,406 DEBUG  main                  org.mybatis.spring.SqlSessionFactoryBean.buildSqlSessionFactory(SqlSessionFactoryBean.java:529) - Parsed mapper file: 'file [F:\ider-springboot\project\vacation\target\classes\mybatis\mapper\CommentMapper.xml]'
2019/02/20 10:35:16,421 DEBUG  main                  org.mybatis.spring.SqlSessionFactoryBean.buildSqlSessionFactory(SqlSessionFactoryBean.java:529) - Parsed mapper file: 'file [F:\ider-springboot\project\vacation\target\classes\mybatis\mapper\CourserMapper.xml]'
2019/02/20 10:35:16,437 DEBUG  main                  org.mybatis.spring.SqlSessionFactoryBean.buildSqlSessionFactory(SqlSessionFactoryBean.java:529) - Parsed mapper file: 'file [F:\ider-springboot\project\vacation\target\classes\mybatis\mapper\MoldMapper.xml]'
2019/02/20 10:35:16,449 DEBUG  main                  org.mybatis.spring.SqlSessionFactoryBean.buildSqlSessionFactory(SqlSessionFactoryBean.java:529) - Parsed mapper file: 'file [F:\ider-springboot\project\vacation\target\classes\mybatis\mapper\ProblemMapper.xml]'
2019/02/20 10:35:16,460 DEBUG  main                  org.mybatis.spring.SqlSessionFactoryBean.buildSqlSessionFactory(SqlSessionFactoryBean.java:529) - Parsed mapper file: 'file [F:\ider-springboot\project\vacation\target\classes\mybatis\mapper\SitesUserMapper.xml]'
2019/02/20 10:35:16,478 DEBUG  main                  org.mybatis.spring.SqlSessionFactoryBean.buildSqlSessionFactory(SqlSessionFactoryBean.java:529) - Parsed mapper file: 'file [F:\ider-springboot\project\vacation\target\classes\mybatis\mapper\StaffMapper.xml]'
2019/02/20 10:35:16,501 DEBUG  main                  org.mybatis.spring.SqlSessionFactoryBean.buildSqlSessionFactory(SqlSessionFactoryBean.java:529) - Parsed mapper file: 'file [F:\ider-springboot\project\vacation\target\classes\mybatis\mapper\StaffRoleMapper.xml]'
2019/02/20 10:35:16,520 DEBUG  main                  org.mybatis.spring.SqlSessionFactoryBean.buildSqlSessionFactory(SqlSessionFactoryBean.java:529) - Parsed mapper file: 'file [F:\ider-springboot\project\vacation\target\classes\mybatis\mapper\TreeMapper.xml]'
2019/02/20 10:35:16,536 DEBUG  main                  org.mybatis.spring.SqlSessionFactoryBean.buildSqlSessionFactory(SqlSessionFactoryBean.java:529) - Parsed mapper file: 'file [F:\ider-springboot\project\vacation\target\classes\mybatis\mapper\WayMapper.xml]'
2019/02/20 10:35:16,976 INFO   main                  org.springframework.scheduling.concurrent.ThreadPoolTaskExecutor.initialize(ExecutorConfigurationSupport.java:171) - Initializing ExecutorService 'applicationTaskExecutor'
2019/02/20 10:35:17,037 WARN   main                  org.springframework.boot.autoconfigure.orm.jpa.JpaBaseConfiguration$JpaWebConfiguration$JpaWebMvcConfiguration.openEntityManagerInViewInterceptor(JpaBaseConfiguration.java:234) - spring.jpa.open-in-view is enabled by default. Therefore, database queries may be performed during view rendering. Explicitly configure spring.jpa.open-in-view to disable this warning
2019/02/20 10:35:17,315 INFO   main                  org.apache.coyote.http11.Http11NioProtocol.log(DirectJDKLog.java:173) - Starting ProtocolHandler ["http-nio-8081"]
2019/02/20 10:35:17,356 INFO   main                  org.springframework.boot.web.embedded.tomcat.TomcatWebServer.start(TomcatWebServer.java:204) - Tomcat started on port(s): 8081 (http) with context path '/lyq'
2019/02/20 10:35:17,360 INFO   main                  com.lyq.VacationApplication.logStarted(StartupInfoLogger.java:59) - Started VacationApplication in 7.488 seconds (JVM running for 9.744)
2019/02/20 10:35:30,376 INFO   http-nio-8081-exec-1  org.apache.catalina.core.ContainerBase.[Tomcat].[localhost].[/lyq].log(DirectJDKLog.java:173) - Initializing Spring DispatcherServlet 'dispatcherServlet'
2019/02/20 10:35:30,377 INFO   http-nio-8081-exec-1  org.springframework.web.servlet.DispatcherServlet.initServletBean(FrameworkServlet.java:524) - Initializing Servlet 'dispatcherServlet'
2019/02/20 10:35:30,388 INFO   http-nio-8081-exec-1  org.springframework.web.servlet.DispatcherServlet.initServletBean(FrameworkServlet.java:546) - Completed initialization in 11 ms
2019/02/20 10:35:31,780 DEBUG  http-nio-8081-exec-10 org.mybatis.spring.SqlSessionUtils.getSqlSession(SqlSessionUtils.java:97) - Creating a new SqlSession
2019/02/20 10:35:31,780 DEBUG  http-nio-8081-exec-1  org.mybatis.spring.SqlSessionUtils.getSqlSession(SqlSessionUtils.java:97) - Creating a new SqlSession
2019/02/20 10:35:31,800 DEBUG  http-nio-8081-exec-1  org.mybatis.spring.SqlSessionUtils.registerSessionHolder(SqlSessionUtils.java:148) - SqlSession [org.apache.ibatis.session.defaults.DefaultSqlSession@2eeecfc6] was not registered for synchronization because synchronization is not active
2019/02/20 10:35:31,803 DEBUG  http-nio-8081-exec-10 org.mybatis.spring.SqlSessionUtils.registerSessionHolder(SqlSessionUtils.java:148) - SqlSession [org.apache.ibatis.session.defaults.DefaultSqlSession@76fc3811] was not registered for synchronization because synchronization is not active
2019/02/20 10:35:31,826 DEBUG  http-nio-8081-exec-1  org.mybatis.spring.transaction.SpringManagedTransaction.openConnection(SpringManagedTransaction.java:87) - JDBC Connection [HikariProxyConnection@1870690274 wrapping com.mysql.jdbc.JDBC4Connection@fb2e3fd] will not be managed by Spring
2019/02/20 10:35:31,828 DEBUG  http-nio-8081-exec-1  com.lyq.mapper.TreeMapper.queryTreeList.debug(BaseJdbcLogger.java:159) - ==>  Preparing: select * from t_tree where pid = ? 
2019/02/20 10:35:31,833 DEBUG  http-nio-8081-exec-10 org.mybatis.spring.transaction.SpringManagedTransaction.openConnection(SpringManagedTransaction.java:87) - JDBC Connection [HikariProxyConnection@1884369386 wrapping com.mysql.jdbc.JDBC4Connection@3588a507] will not be managed by Spring
2019/02/20 10:35:31,837 DEBUG  http-nio-8081-exec-10 com.lyq.mapper.TreeMapper.queryTreeList.debug(BaseJdbcLogger.java:159) - ==>  Preparing: select * from t_tree where pid = ? 
2019/02/20 10:35:31,866 DEBUG  http-nio-8081-exec-10 com.lyq.mapper.TreeMapper.queryTreeList.debug(BaseJdbcLogger.java:159) - ==> Parameters: -1(Integer)
2019/02/20 10:35:31,866 DEBUG  http-nio-8081-exec-1  com.lyq.mapper.TreeMapper.queryTreeList.debug(BaseJdbcLogger.java:159) - ==> Parameters: -1(Integer)
2019/02/20 10:35:31,925 DEBUG  http-nio-8081-exec-10 com.lyq.mapper.TreeMapper.queryTreeList.debug(BaseJdbcLogger.java:159) - <==      Total: 2
2019/02/20 10:35:31,926 DEBUG  http-nio-8081-exec-1  com.lyq.mapper.TreeMapper.queryTreeList.debug(BaseJdbcLogger.java:159) - <==      Total: 2
2019/02/20 10:35:31,927 DEBUG  http-nio-8081-exec-1  org.mybatis.spring.SqlSessionUtils.closeSqlSession(SqlSessionUtils.java:191) - Closing non transactional SqlSession [org.apache.ibatis.session.defaults.DefaultSqlSession@2eeecfc6]
2019/02/20 10:35:31,927 DEBUG  http-nio-8081-exec-10 org.mybatis.spring.SqlSessionUtils.closeSqlSession(SqlSessionUtils.java:191) - Closing non transactional SqlSession [org.apache.ibatis.session.defaults.DefaultSqlSession@76fc3811]
2019/02/20 10:35:31,928 DEBUG  http-nio-8081-exec-1  org.mybatis.spring.SqlSessionUtils.getSqlSession(SqlSessionUtils.java:97) - Creating a new SqlSession
2019/02/20 10:35:31,928 DEBUG  http-nio-8081-exec-10 org.mybatis.spring.SqlSessionUtils.getSqlSession(SqlSessionUtils.java:97) - Creating a new SqlSession
2019/02/20 10:35:31,929 DEBUG  http-nio-8081-exec-10 org.mybatis.spring.SqlSessionUtils.registerSessionHolder(SqlSessionUtils.java:148) - SqlSession [org.apache.ibatis.session.defaults.DefaultSqlSession@6ad97251] was not registered for synchronization because synchronization is not active
2019/02/20 10:35:31,929 DEBUG  http-nio-8081-exec-1  org.mybatis.spring.SqlSessionUtils.registerSessionHolder(SqlSessionUtils.java:148) - SqlSession [org.apache.ibatis.session.defaults.DefaultSqlSession@1bc6b4cb] was not registered for synchronization because synchronization is not active
2019/02/20 10:35:31,930 DEBUG  http-nio-8081-exec-1  org.mybatis.spring.transaction.SpringManagedTransaction.openConnection(SpringManagedTransaction.java:87) - JDBC Connection [HikariProxyConnection@1446995755 wrapping com.mysql.jdbc.JDBC4Connection@fb2e3fd] will not be managed by Spring
2019/02/20 10:35:31,931 DEBUG  http-nio-8081-exec-1  com.lyq.mapper.TreeMapper.queryTreeList.debug(BaseJdbcLogger.java:159) - ==>  Preparing: select * from t_tree where pid = ? 
2019/02/20 10:35:31,931 DEBUG  http-nio-8081-exec-10 org.mybatis.spring.transaction.SpringManagedTransaction.openConnection(SpringManagedTransaction.java:87) - JDBC Connection [HikariProxyConnection@1142970070 wrapping com.mysql.jdbc.JDBC4Connection@3588a507] will not be managed by Spring
2019/02/20 10:35:31,931 DEBUG  http-nio-8081-exec-10 com.lyq.mapper.TreeMapper.queryTreeList.debug(BaseJdbcLogger.java:159) - ==>  Preparing: select * from t_tree where pid = ? 
2019/02/20 10:35:31,931 DEBUG  http-nio-8081-exec-1  com.lyq.mapper.TreeMapper.queryTreeList.debug(BaseJdbcLogger.java:159) - ==> Parameters: 1(Integer)
2019/02/20 10:35:31,932 DEBUG  http-nio-8081-exec-10 com.lyq.mapper.TreeMapper.queryTreeList.debug(BaseJdbcLogger.java:159) - ==> Parameters: 1(Integer)
2019/02/20 10:35:31,938 DEBUG  http-nio-8081-exec-1  com.lyq.mapper.TreeMapper.queryTreeList.debug(BaseJdbcLogger.java:159) - <==      Total: 9
2019/02/20 10:35:31,939 DEBUG  http-nio-8081-exec-1  org.mybatis.spring.SqlSessionUtils.closeSqlSession(SqlSessionUtils.java:191) - Closing non transactional SqlSession [org.apache.ibatis.session.defaults.DefaultSqlSession@1bc6b4cb]
2019/02/20 10:35:31,939 DEBUG  http-nio-8081-exec-1  org.mybatis.spring.SqlSessionUtils.getSqlSession(SqlSessionUtils.java:97) - Creating a new SqlSession
2019/02/20 10:35:31,939 DEBUG  http-nio-8081-exec-1  org.mybatis.spring.SqlSessionUtils.registerSessionHolder(SqlSessionUtils.java:148) - SqlSession [org.apache.ibatis.session.defaults.DefaultSqlSession@2d965616] was not registered for synchronization because synchronization is not active
2019/02/20 10:35:31,940 DEBUG  http-nio-8081-exec-1  org.mybatis.spring.transaction.SpringManagedTransaction.openConnection(SpringManagedTransaction.java:87) - JDBC Connection [HikariProxyConnection@973910320 wrapping com.mysql.jdbc.JDBC4Connection@fb2e3fd] will not be managed by Spring
2019/02/20 10:35:31,941 DEBUG  http-nio-8081-exec-1  com.lyq.mapper.TreeMapper.queryTreeList.debug(BaseJdbcLogger.java:159) - ==>  Preparing: select * from t_tree where pid = ? 
2019/02/20 10:35:31,942 DEBUG  http-nio-8081-exec-1  com.lyq.mapper.TreeMapper.queryTreeList.debug(BaseJdbcLogger.java:159) - ==> Parameters: 2(Integer)
2019/02/20 10:35:31,945 DEBUG  http-nio-8081-exec-10 com.lyq.mapper.TreeMapper.queryTreeList.debug(BaseJdbcLogger.java:159) - <==      Total: 9
2019/02/20 10:35:31,945 DEBUG  http-nio-8081-exec-10 org.mybatis.spring.SqlSessionUtils.closeSqlSession(SqlSessionUtils.java:191) - Closing non transactional SqlSession [org.apache.ibatis.session.defaults.DefaultSqlSession@6ad97251]
2019/02/20 10:35:31,946 DEBUG  http-nio-8081-exec-10 org.mybatis.spring.SqlSessionUtils.getSqlSession(SqlSessionUtils.java:97) - Creating a new SqlSession
2019/02/20 10:35:31,946 DEBUG  http-nio-8081-exec-1  com.lyq.mapper.TreeMapper.queryTreeList.debug(BaseJdbcLogger.java:159) - <==      Total: 0
2019/02/20 10:35:31,946 DEBUG  http-nio-8081-exec-10 org.mybatis.spring.SqlSessionUtils.registerSessionHolder(SqlSessionUtils.java:148) - SqlSession [org.apache.ibatis.session.defaults.DefaultSqlSession@385a9b65] was not registered for synchronization because synchronization is not active
2019/02/20 10:35:31,947 DEBUG  http-nio-8081-exec-1  org.mybatis.spring.SqlSessionUtils.closeSqlSession(SqlSessionUtils.java:191) - Closing non transactional SqlSession [org.apache.ibatis.session.defaults.DefaultSqlSession@2d965616]
2019/02/20 10:35:31,947 DEBUG  http-nio-8081-exec-1  org.mybatis.spring.SqlSessionUtils.getSqlSession(SqlSessionUtils.java:97) - Creating a new SqlSession
2019/02/20 10:35:31,947 DEBUG  http-nio-8081-exec-10 org.mybatis.spring.transaction.SpringManagedTransaction.openConnection(SpringManagedTransaction.java:87) - JDBC Connection [HikariProxyConnection@646171368 wrapping com.mysql.jdbc.JDBC4Connection@3588a507] will not be managed by Spring
2019/02/20 10:35:31,947 DEBUG  http-nio-8081-exec-1  org.mybatis.spring.SqlSessionUtils.registerSessionHolder(SqlSessionUtils.java:148) - SqlSession [org.apache.ibatis.session.defaults.DefaultSqlSession@360adfe9] was not registered for synchronization because synchronization is not active
2019/02/20 10:35:31,948 DEBUG  http-nio-8081-exec-10 com.lyq.mapper.TreeMapper.queryTreeList.debug(BaseJdbcLogger.java:159) - ==>  Preparing: select * from t_tree where pid = ? 
2019/02/20 10:35:31,948 DEBUG  http-nio-8081-exec-10 com.lyq.mapper.TreeMapper.queryTreeList.debug(BaseJdbcLogger.java:159) - ==> Parameters: 2(Integer)
2019/02/20 10:35:31,948 DEBUG  http-nio-8081-exec-1  org.mybatis.spring.transaction.SpringManagedTransaction.openConnection(SpringManagedTransaction.java:87) - JDBC Connection [HikariProxyConnection@691214808 wrapping com.mysql.jdbc.JDBC4Connection@fb2e3fd] will not be managed by Spring
2019/02/20 10:35:31,949 DEBUG  http-nio-8081-exec-1  com.lyq.mapper.TreeMapper.queryTreeList.debug(BaseJdbcLogger.java:159) - ==>  Preparing: select * from t_tree where pid = ? 
2019/02/20 10:35:31,949 DEBUG  http-nio-8081-exec-1  com.lyq.mapper.TreeMapper.queryTreeList.debug(BaseJdbcLogger.java:159) - ==> Parameters: 3(Integer)
2019/02/20 10:35:31,950 DEBUG  http-nio-8081-exec-10 com.lyq.mapper.TreeMapper.queryTreeList.debug(BaseJdbcLogger.java:159) - <==      Total: 0
2019/02/20 10:35:31,950 DEBUG  http-nio-8081-exec-10 org.mybatis.spring.SqlSessionUtils.closeSqlSession(SqlSessionUtils.java:191) - Closing non transactional SqlSession [org.apache.ibatis.session.defaults.DefaultSqlSession@385a9b65]
2019/02/20 10:35:31,951 DEBUG  http-nio-8081-exec-10 org.mybatis.spring.SqlSessionUtils.getSqlSession(SqlSessionUtils.java:97) - Creating a new SqlSession
2019/02/20 10:35:31,952 DEBUG  http-nio-8081-exec-10 org.mybatis.spring.SqlSessionUtils.registerSessionHolder(SqlSessionUtils.java:148) - SqlSession [org.apache.ibatis.session.defaults.DefaultSqlSession@1820b66e] was not registered for synchronization because synchronization is not active
2019/02/20 10:35:31,953 DEBUG  http-nio-8081-exec-1  com.lyq.mapper.TreeMapper.queryTreeList.debug(BaseJdbcLogger.java:159) - <==      Total: 0
2019/02/20 10:35:31,954 DEBUG  http-nio-8081-exec-1  org.mybatis.spring.SqlSessionUtils.closeSqlSession(SqlSessionUtils.java:191) - Closing non transactional SqlSession [org.apache.ibatis.session.defaults.DefaultSqlSession@360adfe9]
2019/02/20 10:35:31,953 DEBUG  http-nio-8081-exec-10 org.mybatis.spring.transaction.SpringManagedTransaction.openConnection(SpringManagedTransaction.java:87) - JDBC Connection [HikariProxyConnection@1951242172 wrapping com.mysql.jdbc.JDBC4Connection@3588a507] will not be managed by Spring
2019/02/20 10:35:31,954 DEBUG  http-nio-8081-exec-1  org.mybatis.spring.SqlSessionUtils.getSqlSession(SqlSessionUtils.java:97) - Creating a new SqlSession
2019/02/20 10:35:31,954 DEBUG  http-nio-8081-exec-10 com.lyq.mapper.TreeMapper.queryTreeList.debug(BaseJdbcLogger.java:159) - ==>  Preparing: select * from t_tree where pid = ? 
2019/02/20 10:35:31,954 DEBUG  http-nio-8081-exec-1  org.mybatis.spring.SqlSessionUtils.registerSessionHolder(SqlSessionUtils.java:148) - SqlSession [org.apache.ibatis.session.defaults.DefaultSqlSession@174f89d4] was not registered for synchronization because synchronization is not active
2019/02/20 10:35:31,955 DEBUG  http-nio-8081-exec-10 com.lyq.mapper.TreeMapper.queryTreeList.debug(BaseJdbcLogger.java:159) - ==> Parameters: 3(Integer)
2019/02/20 10:35:31,955 DEBUG  http-nio-8081-exec-1  org.mybatis.spring.transaction.SpringManagedTransaction.openConnection(SpringManagedTransaction.java:87) - JDBC Connection [HikariProxyConnection@2010835267 wrapping com.mysql.jdbc.JDBC4Connection@fb2e3fd] will not be managed by Spring
2019/02/20 10:35:31,956 DEBUG  http-nio-8081-exec-1  com.lyq.mapper.TreeMapper.queryTreeList.debug(BaseJdbcLogger.java:159) - ==>  Preparing: select * from t_tree where pid = ? 
2019/02/20 10:35:31,958 DEBUG  http-nio-8081-exec-1  com.lyq.mapper.TreeMapper.queryTreeList.debug(BaseJdbcLogger.java:159) - ==> Parameters: 4(Integer)
2019/02/20 10:35:31,957 DEBUG  http-nio-8081-exec-10 com.lyq.mapper.TreeMapper.queryTreeList.debug(BaseJdbcLogger.java:159) - <==      Total: 0
2019/02/20 10:35:31,960 DEBUG  http-nio-8081-exec-1  com.lyq.mapper.TreeMapper.queryTreeList.debug(BaseJdbcLogger.java:159) - <==      Total: 0
2019/02/20 10:35:31,960 DEBUG  http-nio-8081-exec-10 org.mybatis.spring.SqlSessionUtils.closeSqlSession(SqlSessionUtils.java:191) - Closing non transactional SqlSession [org.apache.ibatis.session.defaults.DefaultSqlSession@1820b66e]
2019/02/20 10:35:31,961 DEBUG  http-nio-8081-exec-10 org.mybatis.spring.SqlSessionUtils.getSqlSession(SqlSessionUtils.java:97) - Creating a new SqlSession
2019/02/20 10:35:31,961 DEBUG  http-nio-8081-exec-1  org.mybatis.spring.SqlSessionUtils.closeSqlSession(SqlSessionUtils.java:191) - Closing non transactional SqlSession [org.apache.ibatis.session.defaults.DefaultSqlSession@174f89d4]
2019/02/20 10:35:31,962 DEBUG  http-nio-8081-exec-10 org.mybatis.spring.SqlSessionUtils.registerSessionHolder(SqlSessionUtils.java:148) - SqlSession [org.apache.ibatis.session.defaults.DefaultSqlSession@7f6b354a] was not registered for synchronization because synchronization is not active
2019/02/20 10:35:31,962 DEBUG  http-nio-8081-exec-1  org.mybatis.spring.SqlSessionUtils.getSqlSession(SqlSessionUtils.java:97) - Creating a new SqlSession
2019/02/20 10:35:31,962 DEBUG  http-nio-8081-exec-1  org.mybatis.spring.SqlSessionUtils.registerSessionHolder(SqlSessionUtils.java:148) - SqlSession [org.apache.ibatis.session.defaults.DefaultSqlSession@7d03a5c4] was not registered for synchronization because synchronization is not active
2019/02/20 10:35:31,963 DEBUG  http-nio-8081-exec-10 org.mybatis.spring.transaction.SpringManagedTransaction.openConnection(SpringManagedTransaction.java:87) - JDBC Connection [HikariProxyConnection@1650818831 wrapping com.mysql.jdbc.JDBC4Connection@3588a507] will not be managed by Spring
2019/02/20 10:35:31,963 DEBUG  http-nio-8081-exec-10 com.lyq.mapper.TreeMapper.queryTreeList.debug(BaseJdbcLogger.java:159) - ==>  Preparing: select * from t_tree where pid = ? 
2019/02/20 10:35:31,963 DEBUG  http-nio-8081-exec-1  org.mybatis.spring.transaction.SpringManagedTransaction.openConnection(SpringManagedTransaction.java:87) - JDBC Connection [HikariProxyConnection@376013465 wrapping com.mysql.jdbc.JDBC4Connection@fb2e3fd] will not be managed by Spring
2019/02/20 10:35:31,964 DEBUG  http-nio-8081-exec-1  com.lyq.mapper.TreeMapper.queryTreeList.debug(BaseJdbcLogger.java:159) - ==>  Preparing: select * from t_tree where pid = ? 
2019/02/20 10:35:31,964 DEBUG  http-nio-8081-exec-10 com.lyq.mapper.TreeMapper.queryTreeList.debug(BaseJdbcLogger.java:159) - ==> Parameters: 4(Integer)
2019/02/20 10:35:31,964 DEBUG  http-nio-8081-exec-1  com.lyq.mapper.TreeMapper.queryTreeList.debug(BaseJdbcLogger.java:159) - ==> Parameters: 5(Integer)
2019/02/20 10:35:31,965 DEBUG  http-nio-8081-exec-10 com.lyq.mapper.TreeMapper.queryTreeList.debug(BaseJdbcLogger.java:159) - <==      Total: 0
2019/02/20 10:35:31,966 DEBUG  http-nio-8081-exec-1  com.lyq.mapper.TreeMapper.queryTreeList.debug(BaseJdbcLogger.java:159) - <==      Total: 0
2019/02/20 10:35:31,966 DEBUG  http-nio-8081-exec-10 org.mybatis.spring.SqlSessionUtils.closeSqlSession(SqlSessionUtils.java:191) - Closing non transactional SqlSession [org.apache.ibatis.session.defaults.DefaultSqlSession@7f6b354a]
2019/02/20 10:35:31,966 DEBUG  http-nio-8081-exec-1  org.mybatis.spring.SqlSessionUtils.closeSqlSession(SqlSessionUtils.java:191) - Closing non transactional SqlSession [org.apache.ibatis.session.defaults.DefaultSqlSession@7d03a5c4]
2019/02/20 10:35:31,966 DEBUG  http-nio-8081-exec-10 org.mybatis.spring.SqlSessionUtils.getSqlSession(SqlSessionUtils.java:97) - Creating a new SqlSession
2019/02/20 10:35:31,967 DEBUG  http-nio-8081-exec-1  org.mybatis.spring.SqlSessionUtils.getSqlSession(SqlSessionUtils.java:97) - Creating a new SqlSession
2019/02/20 10:35:31,967 DEBUG  http-nio-8081-exec-10 org.mybatis.spring.SqlSessionUtils.registerSessionHolder(SqlSessionUtils.java:148) - SqlSession [org.apache.ibatis.session.defaults.DefaultSqlSession@38541ff1] was not registered for synchronization because synchronization is not active
2019/02/20 10:35:31,967 DEBUG  http-nio-8081-exec-1  org.mybatis.spring.SqlSessionUtils.registerSessionHolder(SqlSessionUtils.java:148) - SqlSession [org.apache.ibatis.session.defaults.DefaultSqlSession@46a2779f] was not registered for synchronization because synchronization is not active
2019/02/20 10:35:31,969 DEBUG  http-nio-8081-exec-10 org.mybatis.spring.transaction.SpringManagedTransaction.openConnection(SpringManagedTransaction.java:87) - JDBC Connection [HikariProxyConnection@506707156 wrapping com.mysql.jdbc.JDBC4Connection@3588a507] will not be managed by Spring
2019/02/20 10:35:31,970 DEBUG  http-nio-8081-exec-1  org.mybatis.spring.transaction.SpringManagedTransaction.openConnection(SpringManagedTransaction.java:87) - JDBC Connection [HikariProxyConnection@653248266 wrapping com.mysql.jdbc.JDBC4Connection@fb2e3fd] will not be managed by Spring
2019/02/20 10:35:31,970 DEBUG  http-nio-8081-exec-10 com.lyq.mapper.TreeMapper.queryTreeList.debug(BaseJdbcLogger.java:159) - ==>  Preparing: select * from t_tree where pid = ? 
2019/02/20 10:35:31,970 DEBUG  http-nio-8081-exec-1  com.lyq.mapper.TreeMapper.queryTreeList.debug(BaseJdbcLogger.java:159) - ==>  Preparing: select * from t_tree where pid = ? 
2019/02/20 10:35:31,971 DEBUG  http-nio-8081-exec-1  com.lyq.mapper.TreeMapper.queryTreeList.debug(BaseJdbcLogger.java:159) - ==> Parameters: 6(Integer)
2019/02/20 10:35:31,971 DEBUG  http-nio-8081-exec-10 com.lyq.mapper.TreeMapper.queryTreeList.debug(BaseJdbcLogger.java:159) - ==> Parameters: 5(Integer)
2019/02/20 10:35:31,972 DEBUG  http-nio-8081-exec-1  com.lyq.mapper.TreeMapper.queryTreeList.debug(BaseJdbcLogger.java:159) - <==      Total: 0
2019/02/20 10:35:31,972 DEBUG  http-nio-8081-exec-10 com.lyq.mapper.TreeMapper.queryTreeList.debug(BaseJdbcLogger.java:159) - <==      Total: 0
2019/02/20 10:35:31,973 DEBUG  http-nio-8081-exec-1  org.mybatis.spring.SqlSessionUtils.closeSqlSession(SqlSessionUtils.java:191) - Closing non transactional SqlSession [org.apache.ibatis.session.defaults.DefaultSqlSession@46a2779f]
2019/02/20 10:35:31,973 DEBUG  http-nio-8081-exec-10 org.mybatis.spring.SqlSessionUtils.closeSqlSession(SqlSessionUtils.java:191) - Closing non transactional SqlSession [org.apache.ibatis.session.defaults.DefaultSqlSession@38541ff1]
2019/02/20 10:35:31,974 DEBUG  http-nio-8081-exec-1  org.mybatis.spring.SqlSessionUtils.getSqlSession(SqlSessionUtils.java:97) - Creating a new SqlSession
2019/02/20 10:35:31,974 DEBUG  http-nio-8081-exec-10 org.mybatis.spring.SqlSessionUtils.getSqlSession(SqlSessionUtils.java:97) - Creating a new SqlSession
2019/02/20 10:35:31,974 DEBUG  http-nio-8081-exec-1  org.mybatis.spring.SqlSessionUtils.registerSessionHolder(SqlSessionUtils.java:148) - SqlSession [org.apache.ibatis.session.defaults.DefaultSqlSession@5e77caa] was not registered for synchronization because synchronization is not active
2019/02/20 10:35:31,974 DEBUG  http-nio-8081-exec-10 org.mybatis.spring.SqlSessionUtils.registerSessionHolder(SqlSessionUtils.java:148) - SqlSession [org.apache.ibatis.session.defaults.DefaultSqlSession@42dbb2da] was not registered for synchronization because synchronization is not active
2019/02/20 10:35:31,975 DEBUG  http-nio-8081-exec-10 org.mybatis.spring.transaction.SpringManagedTransaction.openConnection(SpringManagedTransaction.java:87) - JDBC Connection [HikariProxyConnection@1525192423 wrapping com.mysql.jdbc.JDBC4Connection@3588a507] will not be managed by Spring
2019/02/20 10:35:31,975 DEBUG  http-nio-8081-exec-1  org.mybatis.spring.transaction.SpringManagedTransaction.openConnection(SpringManagedTransaction.java:87) - JDBC Connection [HikariProxyConnection@1345125638 wrapping com.mysql.jdbc.JDBC4Connection@fb2e3fd] will not be managed by Spring
2019/02/20 10:35:31,976 DEBUG  http-nio-8081-exec-10 com.lyq.mapper.TreeMapper.queryTreeList.debug(BaseJdbcLogger.java:159) - ==>  Preparing: select * from t_tree where pid = ? 
2019/02/20 10:35:31,976 DEBUG  http-nio-8081-exec-1  com.lyq.mapper.TreeMapper.queryTreeList.debug(BaseJdbcLogger.java:159) - ==>  Preparing: select * from t_tree where pid = ? 
2019/02/20 10:35:31,976 DEBUG  http-nio-8081-exec-10 com.lyq.mapper.TreeMapper.queryTreeList.debug(BaseJdbcLogger.java:159) - ==> Parameters: 6(Integer)
2019/02/20 10:35:31,977 DEBUG  http-nio-8081-exec-1  com.lyq.mapper.TreeMapper.queryTreeList.debug(BaseJdbcLogger.java:159) - ==> Parameters: 7(Integer)
2019/02/20 10:35:31,978 DEBUG  http-nio-8081-exec-10 com.lyq.mapper.TreeMapper.queryTreeList.debug(BaseJdbcLogger.java:159) - <==      Total: 0
2019/02/20 10:35:31,978 DEBUG  http-nio-8081-exec-1  com.lyq.mapper.TreeMapper.queryTreeList.debug(BaseJdbcLogger.java:159) - <==      Total: 0
2019/02/20 10:35:31,979 DEBUG  http-nio-8081-exec-1  org.mybatis.spring.SqlSessionUtils.closeSqlSession(SqlSessionUtils.java:191) - Closing non transactional SqlSession [org.apache.ibatis.session.defaults.DefaultSqlSession@5e77caa]
2019/02/20 10:35:31,979 DEBUG  http-nio-8081-exec-10 org.mybatis.spring.SqlSessionUtils.closeSqlSession(SqlSessionUtils.java:191) - Closing non transactional SqlSession [org.apache.ibatis.session.defaults.DefaultSqlSession@42dbb2da]
2019/02/20 10:35:31,979 DEBUG  http-nio-8081-exec-1  org.mybatis.spring.SqlSessionUtils.getSqlSession(SqlSessionUtils.java:97) - Creating a new SqlSession
2019/02/20 10:35:31,979 DEBUG  http-nio-8081-exec-10 org.mybatis.spring.SqlSessionUtils.getSqlSession(SqlSessionUtils.java:97) - Creating a new SqlSession
2019/02/20 10:35:31,980 DEBUG  http-nio-8081-exec-1  org.mybatis.spring.SqlSessionUtils.registerSessionHolder(SqlSessionUtils.java:148) - SqlSession [org.apache.ibatis.session.defaults.DefaultSqlSession@3a3fbac0] was not registered for synchronization because synchronization is not active
2019/02/20 10:35:31,980 DEBUG  http-nio-8081-exec-10 org.mybatis.spring.SqlSessionUtils.registerSessionHolder(SqlSessionUtils.java:148) - SqlSession [org.apache.ibatis.session.defaults.DefaultSqlSession@379ff5aa] was not registered for synchronization because synchronization is not active
2019/02/20 10:35:31,981 DEBUG  http-nio-8081-exec-1  org.mybatis.spring.transaction.SpringManagedTransaction.openConnection(SpringManagedTransaction.java:87) - JDBC Connection [HikariProxyConnection@413141176 wrapping com.mysql.jdbc.JDBC4Connection@fb2e3fd] will not be managed by Spring
2019/02/20 10:35:31,981 DEBUG  http-nio-8081-exec-10 org.mybatis.spring.transaction.SpringManagedTransaction.openConnection(SpringManagedTransaction.java:87) - JDBC Connection [HikariProxyConnection@498755542 wrapping com.mysql.jdbc.JDBC4Connection@3588a507] will not be managed by Spring
2019/02/20 10:35:31,981 DEBUG  http-nio-8081-exec-1  com.lyq.mapper.TreeMapper.queryTreeList.debug(BaseJdbcLogger.java:159) - ==>  Preparing: select * from t_tree where pid = ? 
2019/02/20 10:35:31,982 DEBUG  http-nio-8081-exec-10 com.lyq.mapper.TreeMapper.queryTreeList.debug(BaseJdbcLogger.java:159) - ==>  Preparing: select * from t_tree where pid = ? 
2019/02/20 10:35:31,983 DEBUG  http-nio-8081-exec-1  com.lyq.mapper.TreeMapper.queryTreeList.debug(BaseJdbcLogger.java:159) - ==> Parameters: 8(Integer)
2019/02/20 10:35:31,985 DEBUG  http-nio-8081-exec-10 com.lyq.mapper.TreeMapper.queryTreeList.debug(BaseJdbcLogger.java:159) - ==> Parameters: 7(Integer)
2019/02/20 10:35:31,987 DEBUG  http-nio-8081-exec-1  com.lyq.mapper.TreeMapper.queryTreeList.debug(BaseJdbcLogger.java:159) - <==      Total: 0
2019/02/20 10:35:31,990 DEBUG  http-nio-8081-exec-10 com.lyq.mapper.TreeMapper.queryTreeList.debug(BaseJdbcLogger.java:159) - <==      Total: 0
2019/02/20 10:35:31,990 DEBUG  http-nio-8081-exec-1  org.mybatis.spring.SqlSessionUtils.closeSqlSession(SqlSessionUtils.java:191) - Closing non transactional SqlSession [org.apache.ibatis.session.defaults.DefaultSqlSession@3a3fbac0]
2019/02/20 10:35:31,991 DEBUG  http-nio-8081-exec-1  org.mybatis.spring.SqlSessionUtils.getSqlSession(SqlSessionUtils.java:97) - Creating a new SqlSession
2019/02/20 10:35:31,991 DEBUG  http-nio-8081-exec-10 org.mybatis.spring.SqlSessionUtils.closeSqlSession(SqlSessionUtils.java:191) - Closing non transactional SqlSession [org.apache.ibatis.session.defaults.DefaultSqlSession@379ff5aa]
2019/02/20 10:35:31,992 DEBUG  http-nio-8081-exec-10 org.mybatis.spring.SqlSessionUtils.getSqlSession(SqlSessionUtils.java:97) - Creating a new SqlSession
2019/02/20 10:35:31,992 DEBUG  http-nio-8081-exec-1  org.mybatis.spring.SqlSessionUtils.registerSessionHolder(SqlSessionUtils.java:148) - SqlSession [org.apache.ibatis.session.defaults.DefaultSqlSession@35634011] was not registered for synchronization because synchronization is not active
2019/02/20 10:35:31,992 DEBUG  http-nio-8081-exec-10 org.mybatis.spring.SqlSessionUtils.registerSessionHolder(SqlSessionUtils.java:148) - SqlSession [org.apache.ibatis.session.defaults.DefaultSqlSession@7c10fe71] was not registered for synchronization because synchronization is not active
2019/02/20 10:35:31,993 DEBUG  http-nio-8081-exec-1  org.mybatis.spring.transaction.SpringManagedTransaction.openConnection(SpringManagedTransaction.java:87) - JDBC Connection [HikariProxyConnection@1364968668 wrapping com.mysql.jdbc.JDBC4Connection@fb2e3fd] will not be managed by Spring
2019/02/20 10:35:31,993 DEBUG  http-nio-8081-exec-10 org.mybatis.spring.transaction.SpringManagedTransaction.openConnection(SpringManagedTransaction.java:87) - JDBC Connection [HikariProxyConnection@857675332 wrapping com.mysql.jdbc.JDBC4Connection@3588a507] will not be managed by Spring
2019/02/20 10:35:31,993 DEBUG  http-nio-8081-exec-1  com.lyq.mapper.TreeMapper.queryTreeList.debug(BaseJdbcLogger.java:159) - ==>  Preparing: select * from t_tree where pid = ? 
2019/02/20 10:35:31,993 DEBUG  http-nio-8081-exec-10 com.lyq.mapper.TreeMapper.queryTreeList.debug(BaseJdbcLogger.java:159) - ==>  Preparing: select * from t_tree where pid = ? 
2019/02/20 10:35:31,994 DEBUG  http-nio-8081-exec-1  com.lyq.mapper.TreeMapper.queryTreeList.debug(BaseJdbcLogger.java:159) - ==> Parameters: 9(Integer)
2019/02/20 10:35:31,996 DEBUG  http-nio-8081-exec-10 com.lyq.mapper.TreeMapper.queryTreeList.debug(BaseJdbcLogger.java:159) - ==> Parameters: 8(Integer)
2019/02/20 10:35:31,997 DEBUG  http-nio-8081-exec-1  com.lyq.mapper.TreeMapper.queryTreeList.debug(BaseJdbcLogger.java:159) - <==      Total: 0
2019/02/20 10:35:31,998 DEBUG  http-nio-8081-exec-1  org.mybatis.spring.SqlSessionUtils.closeSqlSession(SqlSessionUtils.java:191) - Closing non transactional SqlSession [org.apache.ibatis.session.defaults.DefaultSqlSession@35634011]
2019/02/20 10:35:32,001 DEBUG  http-nio-8081-exec-1  org.mybatis.spring.SqlSessionUtils.getSqlSession(SqlSessionUtils.java:97) - Creating a new SqlSession
2019/02/20 10:35:32,001 DEBUG  http-nio-8081-exec-1  org.mybatis.spring.SqlSessionUtils.registerSessionHolder(SqlSessionUtils.java:148) - SqlSession [org.apache.ibatis.session.defaults.DefaultSqlSession@7d79a479] was not registered for synchronization because synchronization is not active
2019/02/20 10:35:32,002 DEBUG  http-nio-8081-exec-1  org.mybatis.spring.transaction.SpringManagedTransaction.openConnection(SpringManagedTransaction.java:87) - JDBC Connection [HikariProxyConnection@1379209231 wrapping com.mysql.jdbc.JDBC4Connection@fb2e3fd] will not be managed by Spring
2019/02/20 10:35:32,003 DEBUG  http-nio-8081-exec-1  com.lyq.mapper.TreeMapper.queryTreeList.debug(BaseJdbcLogger.java:159) - ==>  Preparing: select * from t_tree where pid = ? 
2019/02/20 10:35:32,004 DEBUG  http-nio-8081-exec-1  com.lyq.mapper.TreeMapper.queryTreeList.debug(BaseJdbcLogger.java:159) - ==> Parameters: 10(Integer)
2019/02/20 10:35:32,010 DEBUG  http-nio-8081-exec-10 com.lyq.mapper.TreeMapper.queryTreeList.debug(BaseJdbcLogger.java:159) - <==      Total: 0
2019/02/20 10:35:32,011 DEBUG  http-nio-8081-exec-10 org.mybatis.spring.SqlSessionUtils.closeSqlSession(SqlSessionUtils.java:191) - Closing non transactional SqlSession [org.apache.ibatis.session.defaults.DefaultSqlSession@7c10fe71]
2019/02/20 10:35:32,011 DEBUG  http-nio-8081-exec-10 org.mybatis.spring.SqlSessionUtils.getSqlSession(SqlSessionUtils.java:97) - Creating a new SqlSession
2019/02/20 10:35:32,012 DEBUG  http-nio-8081-exec-10 org.mybatis.spring.SqlSessionUtils.registerSessionHolder(SqlSessionUtils.java:148) - SqlSession [org.apache.ibatis.session.defaults.DefaultSqlSession@6413d0db] was not registered for synchronization because synchronization is not active
2019/02/20 10:35:32,013 DEBUG  http-nio-8081-exec-10 org.mybatis.spring.transaction.SpringManagedTransaction.openConnection(SpringManagedTransaction.java:87) - JDBC Connection [HikariProxyConnection@529221982 wrapping com.mysql.jdbc.JDBC4Connection@3588a507] will not be managed by Spring
2019/02/20 10:35:32,013 DEBUG  http-nio-8081-exec-10 com.lyq.mapper.TreeMapper.queryTreeList.debug(BaseJdbcLogger.java:159) - ==>  Preparing: select * from t_tree where pid = ? 
2019/02/20 10:35:32,014 DEBUG  http-nio-8081-exec-10 com.lyq.mapper.TreeMapper.queryTreeList.debug(BaseJdbcLogger.java:159) - ==> Parameters: 9(Integer)
2019/02/20 10:35:32,026 DEBUG  http-nio-8081-exec-10 com.lyq.mapper.TreeMapper.queryTreeList.debug(BaseJdbcLogger.java:159) - <==      Total: 0
2019/02/20 10:35:32,027 DEBUG  http-nio-8081-exec-10 org.mybatis.spring.SqlSessionUtils.closeSqlSession(SqlSessionUtils.java:191) - Closing non transactional SqlSession [org.apache.ibatis.session.defaults.DefaultSqlSession@6413d0db]
2019/02/20 10:35:32,028 DEBUG  http-nio-8081-exec-10 org.mybatis.spring.SqlSessionUtils.getSqlSession(SqlSessionUtils.java:97) - Creating a new SqlSession
2019/02/20 10:35:32,028 DEBUG  http-nio-8081-exec-10 org.mybatis.spring.SqlSessionUtils.registerSessionHolder(SqlSessionUtils.java:148) - SqlSession [org.apache.ibatis.session.defaults.DefaultSqlSession@73d1f219] was not registered for synchronization because synchronization is not active
2019/02/20 10:35:32,032 DEBUG  http-nio-8081-exec-1  com.lyq.mapper.TreeMapper.queryTreeList.debug(BaseJdbcLogger.java:159) - <==      Total: 0
2019/02/20 10:35:32,033 DEBUG  http-nio-8081-exec-1  org.mybatis.spring.SqlSessionUtils.closeSqlSession(SqlSessionUtils.java:191) - Closing non transactional SqlSession [org.apache.ibatis.session.defaults.DefaultSqlSession@7d79a479]
2019/02/20 10:35:32,036 DEBUG  http-nio-8081-exec-1  org.mybatis.spring.SqlSessionUtils.getSqlSession(SqlSessionUtils.java:97) - Creating a new SqlSession
2019/02/20 10:35:32,037 DEBUG  http-nio-8081-exec-1  org.mybatis.spring.SqlSessionUtils.registerSessionHolder(SqlSessionUtils.java:148) - SqlSession [org.apache.ibatis.session.defaults.DefaultSqlSession@1c3387d6] was not registered for synchronization because synchronization is not active
2019/02/20 10:35:32,031 DEBUG  http-nio-8081-exec-10 org.mybatis.spring.transaction.SpringManagedTransaction.openConnection(SpringManagedTransaction.java:87) - JDBC Connection [HikariProxyConnection@163475888 wrapping com.mysql.jdbc.JDBC4Connection@3588a507] will not be managed by Spring
2019/02/20 10:35:32,038 DEBUG  http-nio-8081-exec-1  org.mybatis.spring.transaction.SpringManagedTransaction.openConnection(SpringManagedTransaction.java:87) - JDBC Connection [HikariProxyConnection@744075845 wrapping com.mysql.jdbc.JDBC4Connection@fb2e3fd] will not be managed by Spring
2019/02/20 10:35:32,039 DEBUG  http-nio-8081-exec-1  com.lyq.mapper.TreeMapper.queryTreeList.debug(BaseJdbcLogger.java:159) - ==>  Preparing: select * from t_tree where pid = ? 
2019/02/20 10:35:32,040 DEBUG  http-nio-8081-exec-1  com.lyq.mapper.TreeMapper.queryTreeList.debug(BaseJdbcLogger.java:159) - ==> Parameters: 11(Integer)
2019/02/20 10:35:32,042 DEBUG  http-nio-8081-exec-1  com.lyq.mapper.TreeMapper.queryTreeList.debug(BaseJdbcLogger.java:159) - <==      Total: 3
2019/02/20 10:35:32,042 DEBUG  http-nio-8081-exec-1  org.mybatis.spring.SqlSessionUtils.closeSqlSession(SqlSessionUtils.java:191) - Closing non transactional SqlSession [org.apache.ibatis.session.defaults.DefaultSqlSession@1c3387d6]
2019/02/20 10:35:32,043 DEBUG  http-nio-8081-exec-1  org.mybatis.spring.SqlSessionUtils.getSqlSession(SqlSessionUtils.java:97) - Creating a new SqlSession
2019/02/20 10:35:32,043 DEBUG  http-nio-8081-exec-1  org.mybatis.spring.SqlSessionUtils.registerSessionHolder(SqlSessionUtils.java:148) - SqlSession [org.apache.ibatis.session.defaults.DefaultSqlSession@31ab6111] was not registered for synchronization because synchronization is not active
2019/02/20 10:35:32,038 DEBUG  http-nio-8081-exec-10 com.lyq.mapper.TreeMapper.queryTreeList.debug(BaseJdbcLogger.java:159) - ==>  Preparing: select * from t_tree where pid = ? 
2019/02/20 10:35:32,044 DEBUG  http-nio-8081-exec-1  org.mybatis.spring.transaction.SpringManagedTransaction.openConnection(SpringManagedTransaction.java:87) - JDBC Connection [HikariProxyConnection@824593861 wrapping com.mysql.jdbc.JDBC4Connection@fb2e3fd] will not be managed by Spring
2019/02/20 10:35:32,044 DEBUG  http-nio-8081-exec-1  com.lyq.mapper.TreeMapper.queryTreeList.debug(BaseJdbcLogger.java:159) - ==>  Preparing: select * from t_tree where pid = ? 
2019/02/20 10:35:32,044 DEBUG  http-nio-8081-exec-10 com.lyq.mapper.TreeMapper.queryTreeList.debug(BaseJdbcLogger.java:159) - ==> Parameters: 10(Integer)
2019/02/20 10:35:32,045 DEBUG  http-nio-8081-exec-1  com.lyq.mapper.TreeMapper.queryTreeList.debug(BaseJdbcLogger.java:159) - ==> Parameters: 12(Integer)
2019/02/20 10:35:32,047 DEBUG  http-nio-8081-exec-1  com.lyq.mapper.TreeMapper.queryTreeList.debug(BaseJdbcLogger.java:159) - <==      Total: 0
2019/02/20 10:35:32,047 DEBUG  http-nio-8081-exec-1  org.mybatis.spring.SqlSessionUtils.closeSqlSession(SqlSessionUtils.java:191) - Closing non transactional SqlSession [org.apache.ibatis.session.defaults.DefaultSqlSession@31ab6111]
2019/02/20 10:35:32,048 DEBUG  http-nio-8081-exec-1  org.mybatis.spring.SqlSessionUtils.getSqlSession(SqlSessionUtils.java:97) - Creating a new SqlSession
2019/02/20 10:35:32,048 DEBUG  http-nio-8081-exec-1  org.mybatis.spring.SqlSessionUtils.registerSessionHolder(SqlSessionUtils.java:148) - SqlSession [org.apache.ibatis.session.defaults.DefaultSqlSession@352ae1b4] was not registered for synchronization because synchronization is not active
2019/02/20 10:35:32,047 DEBUG  http-nio-8081-exec-10 com.lyq.mapper.TreeMapper.queryTreeList.debug(BaseJdbcLogger.java:159) - <==      Total: 0
2019/02/20 10:35:32,049 DEBUG  http-nio-8081-exec-1  org.mybatis.spring.transaction.SpringManagedTransaction.openConnection(SpringManagedTransaction.java:87) - JDBC Connection [HikariProxyConnection@1600368105 wrapping com.mysql.jdbc.JDBC4Connection@fb2e3fd] will not be managed by Spring
2019/02/20 10:35:32,049 DEBUG  http-nio-8081-exec-10 org.mybatis.spring.SqlSessionUtils.closeSqlSession(SqlSessionUtils.java:191) - Closing non transactional SqlSession [org.apache.ibatis.session.defaults.DefaultSqlSession@73d1f219]
2019/02/20 10:35:32,050 DEBUG  http-nio-8081-exec-1  com.lyq.mapper.TreeMapper.queryTreeList.debug(BaseJdbcLogger.java:159) - ==>  Preparing: select * from t_tree where pid = ? 
2019/02/20 10:35:32,051 DEBUG  http-nio-8081-exec-10 org.mybatis.spring.SqlSessionUtils.getSqlSession(SqlSessionUtils.java:97) - Creating a new SqlSession
2019/02/20 10:35:32,051 DEBUG  http-nio-8081-exec-1  com.lyq.mapper.TreeMapper.queryTreeList.debug(BaseJdbcLogger.java:159) - ==> Parameters: 13(Integer)
2019/02/20 10:35:32,053 DEBUG  http-nio-8081-exec-10 org.mybatis.spring.SqlSessionUtils.registerSessionHolder(SqlSessionUtils.java:148) - SqlSession [org.apache.ibatis.session.defaults.DefaultSqlSession@76e3db03] was not registered for synchronization because synchronization is not active
2019/02/20 10:35:32,054 DEBUG  http-nio-8081-exec-1  com.lyq.mapper.TreeMapper.queryTreeList.debug(BaseJdbcLogger.java:159) - <==      Total: 0
2019/02/20 10:35:32,055 DEBUG  http-nio-8081-exec-1  org.mybatis.spring.SqlSessionUtils.closeSqlSession(SqlSessionUtils.java:191) - Closing non transactional SqlSession [org.apache.ibatis.session.defaults.DefaultSqlSession@352ae1b4]
2019/02/20 10:35:32,056 DEBUG  http-nio-8081-exec-1  org.mybatis.spring.SqlSessionUtils.getSqlSession(SqlSessionUtils.java:97) - Creating a new SqlSession
2019/02/20 10:35:32,056 DEBUG  http-nio-8081-exec-1  org.mybatis.spring.SqlSessionUtils.registerSessionHolder(SqlSessionUtils.java:148) - SqlSession [org.apache.ibatis.session.defaults.DefaultSqlSession@6c45b7f4] was not registered for synchronization because synchronization is not active
2019/02/20 10:35:32,057 DEBUG  http-nio-8081-exec-1  org.mybatis.spring.transaction.SpringManagedTransaction.openConnection(SpringManagedTransaction.java:87) - JDBC Connection [HikariProxyConnection@234937481 wrapping com.mysql.jdbc.JDBC4Connection@fb2e3fd] will not be managed by Spring
2019/02/20 10:35:32,057 DEBUG  http-nio-8081-exec-1  com.lyq.mapper.TreeMapper.queryTreeList.debug(BaseJdbcLogger.java:159) - ==>  Preparing: select * from t_tree where pid = ? 
2019/02/20 10:35:32,058 DEBUG  http-nio-8081-exec-1  com.lyq.mapper.TreeMapper.queryTreeList.debug(BaseJdbcLogger.java:159) - ==> Parameters: 14(Integer)
2019/02/20 10:35:32,059 DEBUG  http-nio-8081-exec-1  com.lyq.mapper.TreeMapper.queryTreeList.debug(BaseJdbcLogger.java:159) - <==      Total: 0
2019/02/20 10:35:32,060 DEBUG  http-nio-8081-exec-1  org.mybatis.spring.SqlSessionUtils.closeSqlSession(SqlSessionUtils.java:191) - Closing non transactional SqlSession [org.apache.ibatis.session.defaults.DefaultSqlSession@6c45b7f4]
2019/02/20 10:35:32,055 DEBUG  http-nio-8081-exec-10 org.mybatis.spring.transaction.SpringManagedTransaction.openConnection(SpringManagedTransaction.java:87) - JDBC Connection [HikariProxyConnection@182365948 wrapping com.mysql.jdbc.JDBC4Connection@3588a507] will not be managed by Spring
2019/02/20 10:35:32,066 DEBUG  http-nio-8081-exec-10 com.lyq.mapper.TreeMapper.queryTreeList.debug(BaseJdbcLogger.java:159) - ==>  Preparing: select * from t_tree where pid = ? 
2019/02/20 10:35:32,067 DEBUG  http-nio-8081-exec-10 com.lyq.mapper.TreeMapper.queryTreeList.debug(BaseJdbcLogger.java:159) - ==> Parameters: 11(Integer)
2019/02/20 10:35:32,071 DEBUG  http-nio-8081-exec-10 com.lyq.mapper.TreeMapper.queryTreeList.debug(BaseJdbcLogger.java:159) - <==      Total: 3
2019/02/20 10:35:32,072 DEBUG  http-nio-8081-exec-10 org.mybatis.spring.SqlSessionUtils.closeSqlSession(SqlSessionUtils.java:191) - Closing non transactional SqlSession [org.apache.ibatis.session.defaults.DefaultSqlSession@76e3db03]
2019/02/20 10:35:32,072 DEBUG  http-nio-8081-exec-10 org.mybatis.spring.SqlSessionUtils.getSqlSession(SqlSessionUtils.java:97) - Creating a new SqlSession
2019/02/20 10:35:32,073 DEBUG  http-nio-8081-exec-10 org.mybatis.spring.SqlSessionUtils.registerSessionHolder(SqlSessionUtils.java:148) - SqlSession [org.apache.ibatis.session.defaults.DefaultSqlSession@6cf2028c] was not registered for synchronization because synchronization is not active
2019/02/20 10:35:32,074 DEBUG  http-nio-8081-exec-10 org.mybatis.spring.transaction.SpringManagedTransaction.openConnection(SpringManagedTransaction.java:87) - JDBC Connection [HikariProxyConnection@77723602 wrapping com.mysql.jdbc.JDBC4Connection@3588a507] will not be managed by Spring
2019/02/20 10:35:32,075 DEBUG  http-nio-8081-exec-10 com.lyq.mapper.TreeMapper.queryTreeList.debug(BaseJdbcLogger.java:159) - ==>  Preparing: select * from t_tree where pid = ? 
2019/02/20 10:35:32,077 DEBUG  http-nio-8081-exec-10 com.lyq.mapper.TreeMapper.queryTreeList.debug(BaseJdbcLogger.java:159) - ==> Parameters: 12(Integer)
2019/02/20 10:35:32,079 DEBUG  http-nio-8081-exec-10 com.lyq.mapper.TreeMapper.queryTreeList.debug(BaseJdbcLogger.java:159) - <==      Total: 0
2019/02/20 10:35:32,080 DEBUG  http-nio-8081-exec-10 org.mybatis.spring.SqlSessionUtils.closeSqlSession(SqlSessionUtils.java:191) - Closing non transactional SqlSession [org.apache.ibatis.session.defaults.DefaultSqlSession@6cf2028c]
2019/02/20 10:35:32,080 DEBUG  http-nio-8081-exec-10 org.mybatis.spring.SqlSessionUtils.getSqlSession(SqlSessionUtils.java:97) - Creating a new SqlSession
2019/02/20 10:35:32,081 DEBUG  http-nio-8081-exec-10 org.mybatis.spring.SqlSessionUtils.registerSessionHolder(SqlSessionUtils.java:148) - SqlSession [org.apache.ibatis.session.defaults.DefaultSqlSession@30c42a31] was not registered for synchronization because synchronization is not active
2019/02/20 10:35:32,082 DEBUG  http-nio-8081-exec-10 org.mybatis.spring.transaction.SpringManagedTransaction.openConnection(SpringManagedTransaction.java:87) - JDBC Connection [HikariProxyConnection@1289664711 wrapping com.mysql.jdbc.JDBC4Connection@3588a507] will not be managed by Spring
2019/02/20 10:35:32,082 DEBUG  http-nio-8081-exec-10 com.lyq.mapper.TreeMapper.queryTreeList.debug(BaseJdbcLogger.java:159) - ==>  Preparing: select * from t_tree where pid = ? 
2019/02/20 10:35:32,087 DEBUG  http-nio-8081-exec-10 com.lyq.mapper.TreeMapper.queryTreeList.debug(BaseJdbcLogger.java:159) - ==> Parameters: 13(Integer)
2019/02/20 10:35:32,098 DEBUG  http-nio-8081-exec-10 com.lyq.mapper.TreeMapper.queryTreeList.debug(BaseJdbcLogger.java:159) - <==      Total: 0
2019/02/20 10:35:32,099 DEBUG  http-nio-8081-exec-10 org.mybatis.spring.SqlSessionUtils.closeSqlSession(SqlSessionUtils.java:191) - Closing non transactional SqlSession [org.apache.ibatis.session.defaults.DefaultSqlSession@30c42a31]
2019/02/20 10:35:32,100 DEBUG  http-nio-8081-exec-10 org.mybatis.spring.SqlSessionUtils.getSqlSession(SqlSessionUtils.java:97) - Creating a new SqlSession
2019/02/20 10:35:32,101 DEBUG  http-nio-8081-exec-10 org.mybatis.spring.SqlSessionUtils.registerSessionHolder(SqlSessionUtils.java:148) - SqlSession [org.apache.ibatis.session.defaults.DefaultSqlSession@4f90154] was not registered for synchronization because synchronization is not active
2019/02/20 10:35:32,105 DEBUG  http-nio-8081-exec-10 org.mybatis.spring.transaction.SpringManagedTransaction.openConnection(SpringManagedTransaction.java:87) - JDBC Connection [HikariProxyConnection@368916056 wrapping com.mysql.jdbc.JDBC4Connection@3588a507] will not be managed by Spring
2019/02/20 10:35:32,106 DEBUG  http-nio-8081-exec-10 com.lyq.mapper.TreeMapper.queryTreeList.debug(BaseJdbcLogger.java:159) - ==>  Preparing: select * from t_tree where pid = ? 
2019/02/20 10:35:32,107 DEBUG  http-nio-8081-exec-10 com.lyq.mapper.TreeMapper.queryTreeList.debug(BaseJdbcLogger.java:159) - ==> Parameters: 14(Integer)
2019/02/20 10:35:32,108 DEBUG  http-nio-8081-exec-10 com.lyq.mapper.TreeMapper.queryTreeList.debug(BaseJdbcLogger.java:159) - <==      Total: 0
2019/02/20 10:35:32,109 DEBUG  http-nio-8081-exec-10 org.mybatis.spring.SqlSessionUtils.closeSqlSession(SqlSessionUtils.java:191) - Closing non transactional SqlSession [org.apache.ibatis.session.defaults.DefaultSqlSession@4f90154]
2019/02/20 10:35:45,054 DEBUG  HikariPool-1 housekeeper com.zaxxer.hikari.pool.HikariPool.logPoolState(HikariPool.java:411) - HikariPool-1 - Pool stats (total=10, active=0, idle=10, waiting=0)
